\BOOKMARK [0][-]{chapter.1}{Proyecto Genesting }{}
\BOOKMARK [1][-]{section.1.1}{Introduction}{chapter.1}
\BOOKMARK [1][-]{section.1.2}{Definicion}{chapter.1}
\BOOKMARK [1][-]{section.1.3}{Objetivo}{chapter.1}
\BOOKMARK [1][-]{section.1.4}{Caso de Estudio}{chapter.1}
\BOOKMARK [0][-]{chapter.2}{Genesting Indice de m\363dulos}{}
\BOOKMARK [1][-]{section.2.1}{Genesting M\363dulos}{chapter.2}
\BOOKMARK [0][-]{chapter.3}{Genesting Indice de clases}{}
\BOOKMARK [1][-]{section.3.1}{Genesting Lista de componentes}{chapter.3}
\BOOKMARK [0][-]{chapter.4}{Genesting Indice de archivos}{}
\BOOKMARK [1][-]{section.4.1}{Genesting Lista de archivos}{chapter.4}
\BOOKMARK [0][-]{chapter.5}{Genesting P\341gina indice}{}
\BOOKMARK [1][-]{section.5.1}{Genesting P\341ginas relacionadas}{chapter.5}
\BOOKMARK [0][-]{chapter.6}{Genesting Documentaci\363n de m\363dulos}{}
\BOOKMARK [1][-]{section.6.1}{Distancias}{chapter.6}
\BOOKMARK [1][-]{section.6.2}{Geometria}{chapter.6}
\BOOKMARK [1][-]{section.6.3}{Genetico}{chapter.6}
\BOOKMARK [0][-]{chapter.7}{Genesting Documentaci\363n de clases}{}
\BOOKMARK [1][-]{section.7.1}{Referencia de la Estructura \137genesting}{chapter.7}
\BOOKMARK [1][-]{section.7.2}{Referencia de la Estructura \137individuo}{chapter.7}
\BOOKMARK [1][-]{section.7.3}{Referencia de la Estructura \137line}{chapter.7}
\BOOKMARK [1][-]{section.7.4}{Referencia de la Estructura \137point}{chapter.7}
\BOOKMARK [1][-]{section.7.5}{Referencia de la Estructura \137polygon}{chapter.7}
\BOOKMARK [1][-]{section.7.6}{Referencia de la Estructura \137polygon\137holes}{chapter.7}
\BOOKMARK [1][-]{section.7.7}{Referencia de la Estructura \137population}{chapter.7}
\BOOKMARK [1][-]{section.7.8}{Referencia de la Estructura \137posicion}{chapter.7}
\BOOKMARK [0][-]{chapter.8}{Genesting Documentaci\363n de archivos}{}
\BOOKMARK [1][-]{section.8.1}{Referencia del Archivo distance.c}{chapter.8}
\BOOKMARK [1][-]{section.8.2}{Referencia del Archivo distance.h}{chapter.8}
\BOOKMARK [1][-]{section.8.3}{Referencia del Archivo genesting.c}{chapter.8}
\BOOKMARK [1][-]{section.8.4}{Referencia del Archivo genesting.h}{chapter.8}
\BOOKMARK [1][-]{section.8.5}{Referencia del Archivo graphics.c}{chapter.8}
\BOOKMARK [1][-]{section.8.6}{Referencia del Archivo graphics.h}{chapter.8}
\BOOKMARK [1][-]{section.8.7}{Referencia del Archivo individuo.c}{chapter.8}
\BOOKMARK [1][-]{section.8.8}{Referencia del Archivo individuo.h}{chapter.8}
\BOOKMARK [1][-]{section.8.9}{Referencia del Archivo line.c}{chapter.8}
\BOOKMARK [1][-]{section.8.10}{Referencia del Archivo line.h}{chapter.8}
\BOOKMARK [1][-]{section.8.11}{Referencia del Archivo main.c}{chapter.8}
\BOOKMARK [1][-]{section.8.12}{Referencia del Archivo point.c}{chapter.8}
\BOOKMARK [1][-]{section.8.13}{Referencia del Archivo point.h}{chapter.8}
\BOOKMARK [1][-]{section.8.14}{Referencia del Archivo polygon.c}{chapter.8}
\BOOKMARK [1][-]{section.8.15}{Referencia del Archivo polygon.h}{chapter.8}
\BOOKMARK [1][-]{section.8.16}{Referencia del Archivo polygon\137holes.c}{chapter.8}
\BOOKMARK [1][-]{section.8.17}{Referencia del Archivo polygon\137holes.h}{chapter.8}
\BOOKMARK [1][-]{section.8.18}{Referencia del Archivo population.c}{chapter.8}
\BOOKMARK [1][-]{section.8.19}{Referencia del Archivo population.h}{chapter.8}
\BOOKMARK [0][-]{chapter.9}{Genesting Documentaci\363n de p\341ginas}{}
\BOOKMARK [1][-]{section.9.1}{Listado de Tareas Pendientes}{chapter.9}
\BOOKMARK [1][-]{section.9.2}{Lista de Bugs}{chapter.9}
